<?xml version="1.0" encoding="UTF-8"?>
<!-- Generated by org.testng.reporters.JUnitReportReporter -->
<testsuite hostname="Hkm-RJ89" failures="0" tests="1" name="testCases.TC001_AccountRegistrationTest" time="10.080" errors="0" timestamp="2025-08-22T20:52:17 IST" skipped="0">
  <testcase classname="testCases.TC001_AccountRegistrationTest" name="verify_account_registration" time="10.080"/>
</testsuite> <!-- testCases.TC001_AccountRegistrationTest -->
